[2025-12-05 12:17:10] [INFO    ] discord.client: logging in using static token
[2025-12-05 12:17:11] [INFO    ] discord.gateway: Shard ID None has connected to Gateway (Session ID: 7728e6f11da7765bc55ff694ffc9d759).
[2025-12-05 12:25:37] [ERROR   ] discord.app_commands.tree: Ignoring exception in command 'check_line_status'
Traceback (most recent call last):
  File "/Users/justinpham/Documents/GitHub/Discord-SEPTA-Bot/.venv/lib/python3.14/site-packages/discord/app_commands/commands.py", line 859, in _do_call
    return await self._callback(interaction, **params)  # type: ignore
           ^^^^^^^^^^^^^^^^^^^^^^^^^^^^^^^^^^^^^^^^^^^
  File "/Users/justinpham/Documents/GitHub/Discord-SEPTA-Bot/main.py", line 203, in check_line_status_slash
    await interaction.response.send_message(
        box(f"Fetching **{correct} Line** status…")
    )
  File "/Users/justinpham/Documents/GitHub/Discord-SEPTA-Bot/.venv/lib/python3.14/site-packages/discord/interactions.py", line 1051, in send_message
    response = await adapter.create_interaction_response(
               ^^^^^^^^^^^^^^^^^^^^^^^^^^^^^^^^^^^^^^^^^^
    ...<6 lines>...
    )
    ^
  File "/Users/justinpham/Documents/GitHub/Discord-SEPTA-Bot/.venv/lib/python3.14/site-packages/discord/webhook/async_.py", line 226, in request
    raise HTTPException(response, data)
discord.errors.HTTPException: 400 Bad Request (error code: 40060): Interaction has already been acknowledged.

The above exception was the direct cause of the following exception:

Traceback (most recent call last):
  File "/Users/justinpham/Documents/GitHub/Discord-SEPTA-Bot/.venv/lib/python3.14/site-packages/discord/app_commands/tree.py", line 1297, in _call
    await command._invoke_with_namespace(interaction, namespace)
  File "/Users/justinpham/Documents/GitHub/Discord-SEPTA-Bot/.venv/lib/python3.14/site-packages/discord/app_commands/commands.py", line 884, in _invoke_with_namespace
    return await self._do_call(interaction, transformed_values)
           ^^^^^^^^^^^^^^^^^^^^^^^^^^^^^^^^^^^^^^^^^^^^^^^^^^^^
  File "/Users/justinpham/Documents/GitHub/Discord-SEPTA-Bot/.venv/lib/python3.14/site-packages/discord/app_commands/commands.py", line 877, in _do_call
    raise CommandInvokeError(self, e) from e
discord.app_commands.errors.CommandInvokeError: Command 'check_line_status' raised an exception: HTTPException: 400 Bad Request (error code: 40060): Interaction has already been acknowledged.
[2025-12-05 12:25:45] [ERROR   ] discord.app_commands.tree: Ignoring exception in command 'next_train'
Traceback (most recent call last):
  File "/Users/justinpham/Documents/GitHub/Discord-SEPTA-Bot/.venv/lib/python3.14/site-packages/discord/app_commands/commands.py", line 859, in _do_call
    return await self._callback(interaction, **params)  # type: ignore
           ^^^^^^^^^^^^^^^^^^^^^^^^^^^^^^^^^^^^^^^^^^^
  File "/Users/justinpham/Documents/GitHub/Discord-SEPTA-Bot/main.py", line 243, in next_train_slash
    await interaction.response.send_message(box(
        f"Fetching the next train from **{origin_norm} → {dest_norm}**…"
    ))
  File "/Users/justinpham/Documents/GitHub/Discord-SEPTA-Bot/.venv/lib/python3.14/site-packages/discord/interactions.py", line 1051, in send_message
    response = await adapter.create_interaction_response(
               ^^^^^^^^^^^^^^^^^^^^^^^^^^^^^^^^^^^^^^^^^^
    ...<6 lines>...
    )
    ^
  File "/Users/justinpham/Documents/GitHub/Discord-SEPTA-Bot/.venv/lib/python3.14/site-packages/discord/webhook/async_.py", line 226, in request
    raise HTTPException(response, data)
discord.errors.HTTPException: 400 Bad Request (error code: 40060): Interaction has already been acknowledged.

The above exception was the direct cause of the following exception:

Traceback (most recent call last):
  File "/Users/justinpham/Documents/GitHub/Discord-SEPTA-Bot/.venv/lib/python3.14/site-packages/discord/app_commands/tree.py", line 1297, in _call
    await command._invoke_with_namespace(interaction, namespace)
  File "/Users/justinpham/Documents/GitHub/Discord-SEPTA-Bot/.venv/lib/python3.14/site-packages/discord/app_commands/commands.py", line 884, in _invoke_with_namespace
    return await self._do_call(interaction, transformed_values)
           ^^^^^^^^^^^^^^^^^^^^^^^^^^^^^^^^^^^^^^^^^^^^^^^^^^^^
  File "/Users/justinpham/Documents/GitHub/Discord-SEPTA-Bot/.venv/lib/python3.14/site-packages/discord/app_commands/commands.py", line 877, in _do_call
    raise CommandInvokeError(self, e) from e
discord.app_commands.errors.CommandInvokeError: Command 'next_train' raised an exception: HTTPException: 400 Bad Request (error code: 40060): Interaction has already been acknowledged.
[2025-12-05 12:26:23] [ERROR   ] discord.app_commands.tree: Ignoring exception in command 'next_train'
Traceback (most recent call last):
  File "/Users/justinpham/Documents/GitHub/Discord-SEPTA-Bot/.venv/lib/python3.14/site-packages/discord/app_commands/commands.py", line 859, in _do_call
    return await self._callback(interaction, **params)  # type: ignore
           ^^^^^^^^^^^^^^^^^^^^^^^^^^^^^^^^^^^^^^^^^^^
  File "/Users/justinpham/Documents/GitHub/Discord-SEPTA-Bot/main.py", line 243, in next_train_slash
    await interaction.response.send_message(box(
        f"Fetching the next train from **{origin_norm} → {dest_norm}**…"
    ))
  File "/Users/justinpham/Documents/GitHub/Discord-SEPTA-Bot/.venv/lib/python3.14/site-packages/discord/interactions.py", line 1051, in send_message
    response = await adapter.create_interaction_response(
               ^^^^^^^^^^^^^^^^^^^^^^^^^^^^^^^^^^^^^^^^^^
    ...<6 lines>...
    )
    ^
  File "/Users/justinpham/Documents/GitHub/Discord-SEPTA-Bot/.venv/lib/python3.14/site-packages/discord/webhook/async_.py", line 224, in request
    raise NotFound(response, data)
discord.errors.NotFound: 404 Not Found (error code: 10062): Unknown interaction

The above exception was the direct cause of the following exception:

Traceback (most recent call last):
  File "/Users/justinpham/Documents/GitHub/Discord-SEPTA-Bot/.venv/lib/python3.14/site-packages/discord/app_commands/tree.py", line 1297, in _call
    await command._invoke_with_namespace(interaction, namespace)
  File "/Users/justinpham/Documents/GitHub/Discord-SEPTA-Bot/.venv/lib/python3.14/site-packages/discord/app_commands/commands.py", line 884, in _invoke_with_namespace
    return await self._do_call(interaction, transformed_values)
           ^^^^^^^^^^^^^^^^^^^^^^^^^^^^^^^^^^^^^^^^^^^^^^^^^^^^
  File "/Users/justinpham/Documents/GitHub/Discord-SEPTA-Bot/.venv/lib/python3.14/site-packages/discord/app_commands/commands.py", line 877, in _do_call
    raise CommandInvokeError(self, e) from e
discord.app_commands.errors.CommandInvokeError: Command 'next_train' raised an exception: NotFound: 404 Not Found (error code: 10062): Unknown interaction
[2025-12-05 12:26:25] [ERROR   ] discord.ext.commands.bot: Ignoring exception in command None
discord.ext.commands.errors.CommandNotFound: Command "next" is not found
[2025-12-05 12:26:44] [ERROR   ] discord.app_commands.tree: Ignoring exception in command 'menu'
Traceback (most recent call last):
  File "/Users/justinpham/Documents/GitHub/Discord-SEPTA-Bot/.venv/lib/python3.14/site-packages/discord/app_commands/commands.py", line 859, in _do_call
    return await self._callback(interaction, **params)  # type: ignore
           ^^^^^^^^^^^^^^^^^^^^^^^^^^^^^^^^^^^^^^^^^^^
  File "/Users/justinpham/Documents/GitHub/Discord-SEPTA-Bot/main.py", line 343, in menu_slash
    await interaction.response.send_message(
    ...<3 lines>...
    )
  File "/Users/justinpham/Documents/GitHub/Discord-SEPTA-Bot/.venv/lib/python3.14/site-packages/discord/interactions.py", line 1051, in send_message
    response = await adapter.create_interaction_response(
               ^^^^^^^^^^^^^^^^^^^^^^^^^^^^^^^^^^^^^^^^^^
    ...<6 lines>...
    )
    ^
  File "/Users/justinpham/Documents/GitHub/Discord-SEPTA-Bot/.venv/lib/python3.14/site-packages/discord/webhook/async_.py", line 226, in request
    raise HTTPException(response, data)
discord.errors.HTTPException: 400 Bad Request (error code: 40060): Interaction has already been acknowledged.

The above exception was the direct cause of the following exception:

Traceback (most recent call last):
  File "/Users/justinpham/Documents/GitHub/Discord-SEPTA-Bot/.venv/lib/python3.14/site-packages/discord/app_commands/tree.py", line 1297, in _call
    await command._invoke_with_namespace(interaction, namespace)
  File "/Users/justinpham/Documents/GitHub/Discord-SEPTA-Bot/.venv/lib/python3.14/site-packages/discord/app_commands/commands.py", line 884, in _invoke_with_namespace
    return await self._do_call(interaction, transformed_values)
           ^^^^^^^^^^^^^^^^^^^^^^^^^^^^^^^^^^^^^^^^^^^^^^^^^^^^
  File "/Users/justinpham/Documents/GitHub/Discord-SEPTA-Bot/.venv/lib/python3.14/site-packages/discord/app_commands/commands.py", line 877, in _do_call
    raise CommandInvokeError(self, e) from e
discord.app_commands.errors.CommandInvokeError: Command 'menu' raised an exception: HTTPException: 400 Bad Request (error code: 40060): Interaction has already been acknowledged.
[2025-12-05 12:27:10] [ERROR   ] discord.app_commands.tree: Ignoring exception in command 'next_train'
Traceback (most recent call last):
  File "/Users/justinpham/Documents/GitHub/Discord-SEPTA-Bot/.venv/lib/python3.14/site-packages/discord/app_commands/commands.py", line 859, in _do_call
    return await self._callback(interaction, **params)  # type: ignore
           ^^^^^^^^^^^^^^^^^^^^^^^^^^^^^^^^^^^^^^^^^^^
  File "/Users/justinpham/Documents/GitHub/Discord-SEPTA-Bot/main.py", line 243, in next_train_slash
    await interaction.response.send_message(box(
        f"Fetching the next train from **{origin_norm} → {dest_norm}**…"
    ))
  File "/Users/justinpham/Documents/GitHub/Discord-SEPTA-Bot/.venv/lib/python3.14/site-packages/discord/interactions.py", line 1051, in send_message
    response = await adapter.create_interaction_response(
               ^^^^^^^^^^^^^^^^^^^^^^^^^^^^^^^^^^^^^^^^^^
    ...<6 lines>...
    )
    ^
  File "/Users/justinpham/Documents/GitHub/Discord-SEPTA-Bot/.venv/lib/python3.14/site-packages/discord/webhook/async_.py", line 224, in request
    raise NotFound(response, data)
discord.errors.NotFound: 404 Not Found (error code: 10062): Unknown interaction

The above exception was the direct cause of the following exception:

Traceback (most recent call last):
  File "/Users/justinpham/Documents/GitHub/Discord-SEPTA-Bot/.venv/lib/python3.14/site-packages/discord/app_commands/tree.py", line 1297, in _call
    await command._invoke_with_namespace(interaction, namespace)
  File "/Users/justinpham/Documents/GitHub/Discord-SEPTA-Bot/.venv/lib/python3.14/site-packages/discord/app_commands/commands.py", line 884, in _invoke_with_namespace
    return await self._do_call(interaction, transformed_values)
           ^^^^^^^^^^^^^^^^^^^^^^^^^^^^^^^^^^^^^^^^^^^^^^^^^^^^
  File "/Users/justinpham/Documents/GitHub/Discord-SEPTA-Bot/.venv/lib/python3.14/site-packages/discord/app_commands/commands.py", line 877, in _do_call
    raise CommandInvokeError(self, e) from e
discord.app_commands.errors.CommandInvokeError: Command 'next_train' raised an exception: NotFound: 404 Not Found (error code: 10062): Unknown interaction
[2025-12-05 12:30:51] [ERROR   ] discord.app_commands.tree: Ignoring exception in command 'subscribe_line'
Traceback (most recent call last):
  File "/Users/justinpham/Documents/GitHub/Discord-SEPTA-Bot/.venv/lib/python3.14/site-packages/discord/app_commands/commands.py", line 859, in _do_call
    return await self._callback(interaction, **params)  # type: ignore
           ^^^^^^^^^^^^^^^^^^^^^^^^^^^^^^^^^^^^^^^^^^^
  File "/Users/justinpham/Documents/GitHub/Discord-SEPTA-Bot/main.py", line 389, in subscribe_line_slash
    await interaction.response.send_message(
    ...<2 lines>...
    )
  File "/Users/justinpham/Documents/GitHub/Discord-SEPTA-Bot/.venv/lib/python3.14/site-packages/discord/interactions.py", line 1051, in send_message
    response = await adapter.create_interaction_response(
               ^^^^^^^^^^^^^^^^^^^^^^^^^^^^^^^^^^^^^^^^^^
    ...<6 lines>...
    )
    ^
  File "/Users/justinpham/Documents/GitHub/Discord-SEPTA-Bot/.venv/lib/python3.14/site-packages/discord/webhook/async_.py", line 226, in request
    raise HTTPException(response, data)
discord.errors.HTTPException: 400 Bad Request (error code: 40060): Interaction has already been acknowledged.

The above exception was the direct cause of the following exception:

Traceback (most recent call last):
  File "/Users/justinpham/Documents/GitHub/Discord-SEPTA-Bot/.venv/lib/python3.14/site-packages/discord/app_commands/tree.py", line 1297, in _call
    await command._invoke_with_namespace(interaction, namespace)
  File "/Users/justinpham/Documents/GitHub/Discord-SEPTA-Bot/.venv/lib/python3.14/site-packages/discord/app_commands/commands.py", line 884, in _invoke_with_namespace
    return await self._do_call(interaction, transformed_values)
           ^^^^^^^^^^^^^^^^^^^^^^^^^^^^^^^^^^^^^^^^^^^^^^^^^^^^
  File "/Users/justinpham/Documents/GitHub/Discord-SEPTA-Bot/.venv/lib/python3.14/site-packages/discord/app_commands/commands.py", line 877, in _do_call
    raise CommandInvokeError(self, e) from e
discord.app_commands.errors.CommandInvokeError: Command 'subscribe_line' raised an exception: HTTPException: 400 Bad Request (error code: 40060): Interaction has already been acknowledged.
[2025-12-05 12:32:01] [ERROR   ] discord.app_commands.tree: Ignoring exception in command 'unsubscribemenu'
Traceback (most recent call last):
  File "/Users/justinpham/Documents/GitHub/Discord-SEPTA-Bot/.venv/lib/python3.14/site-packages/discord/app_commands/commands.py", line 859, in _do_call
    return await self._callback(interaction, **params)  # type: ignore
           ^^^^^^^^^^^^^^^^^^^^^^^^^^^^^^^^^^^^^^^^^^^
  File "/Users/justinpham/Documents/GitHub/Discord-SEPTA-Bot/main.py", line 738, in unsubscribe_menu_slash
    await interaction.response.send_message(
    ...<3 lines>...
    )
  File "/Users/justinpham/Documents/GitHub/Discord-SEPTA-Bot/.venv/lib/python3.14/site-packages/discord/interactions.py", line 1051, in send_message
    response = await adapter.create_interaction_response(
               ^^^^^^^^^^^^^^^^^^^^^^^^^^^^^^^^^^^^^^^^^^
    ...<6 lines>...
    )
    ^
  File "/Users/justinpham/Documents/GitHub/Discord-SEPTA-Bot/.venv/lib/python3.14/site-packages/discord/webhook/async_.py", line 224, in request
    raise NotFound(response, data)
discord.errors.NotFound: 404 Not Found (error code: 10062): Unknown interaction

The above exception was the direct cause of the following exception:

Traceback (most recent call last):
  File "/Users/justinpham/Documents/GitHub/Discord-SEPTA-Bot/.venv/lib/python3.14/site-packages/discord/app_commands/tree.py", line 1297, in _call
    await command._invoke_with_namespace(interaction, namespace)
  File "/Users/justinpham/Documents/GitHub/Discord-SEPTA-Bot/.venv/lib/python3.14/site-packages/discord/app_commands/commands.py", line 884, in _invoke_with_namespace
    return await self._do_call(interaction, transformed_values)
           ^^^^^^^^^^^^^^^^^^^^^^^^^^^^^^^^^^^^^^^^^^^^^^^^^^^^
  File "/Users/justinpham/Documents/GitHub/Discord-SEPTA-Bot/.venv/lib/python3.14/site-packages/discord/app_commands/commands.py", line 877, in _do_call
    raise CommandInvokeError(self, e) from e
discord.app_commands.errors.CommandInvokeError: Command 'unsubscribemenu' raised an exception: NotFound: 404 Not Found (error code: 10062): Unknown interaction
