[2025-12-02 18:53:15] [INFO    ] discord.client: logging in using static token
[2025-12-02 18:53:16] [INFO    ] discord.gateway: Shard ID None has connected to Gateway (Session ID: 298320afbb24450f7b0b2ef6a8f48fc0).
[2025-12-02 18:54:18] [ERROR   ] discord.app_commands.tree: Ignoring exception in command 'sync'
Traceback (most recent call last):
  File "C:\Users\zhiga\PycharmProjects\Discord-SEPTA-Bot\.venv\Lib\site-packages\discord\app_commands\commands.py", line 859, in _do_call
    return await self._callback(interaction, **params)  # type: ignore
           ^^^^^^^^^^^^^^^^^^^^^^^^^^^^^^^^^^^^^^^^^^^
  File "C:\Users\zhiga\PycharmProjects\Discord-SEPTA-Bot\main.py", line 281, in sync_slash
    await interaction.response.send_message(box("Global commands synced!"))
  File "C:\Users\zhiga\PycharmProjects\Discord-SEPTA-Bot\.venv\Lib\site-packages\discord\interactions.py", line 1051, in send_message
    response = await adapter.create_interaction_response(
               ^^^^^^^^^^^^^^^^^^^^^^^^^^^^^^^^^^^^^^^^^^
  File "C:\Users\zhiga\PycharmProjects\Discord-SEPTA-Bot\.venv\Lib\site-packages\discord\webhook\async_.py", line 224, in request
    raise NotFound(response, data)
discord.errors.NotFound: 404 Not Found (error code: 10062): Unknown interaction

The above exception was the direct cause of the following exception:

Traceback (most recent call last):
  File "C:\Users\zhiga\PycharmProjects\Discord-SEPTA-Bot\.venv\Lib\site-packages\discord\app_commands\tree.py", line 1297, in _call
    await command._invoke_with_namespace(interaction, namespace)
  File "C:\Users\zhiga\PycharmProjects\Discord-SEPTA-Bot\.venv\Lib\site-packages\discord\app_commands\commands.py", line 884, in _invoke_with_namespace
    return await self._do_call(interaction, transformed_values)
           ^^^^^^^^^^^^^^^^^^^^^^^^^^^^^^^^^^^^^^^^^^^^^^^^^^^^
  File "C:\Users\zhiga\PycharmProjects\Discord-SEPTA-Bot\.venv\Lib\site-packages\discord\app_commands\commands.py", line 877, in _do_call
    raise CommandInvokeError(self, e) from e
discord.app_commands.errors.CommandInvokeError: Command 'sync' raised an exception: NotFound: 404 Not Found (error code: 10062): Unknown interaction
[2025-12-02 19:08:36] [ERROR   ] discord.ext.commands.bot: Ignoring exception in command None
discord.ext.commands.errors.CommandNotFound: Command "help" is not found
[2025-12-02 19:21:36] [ERROR   ] discord.ext.commands.bot: Ignoring exception in command None
discord.ext.commands.errors.CommandNotFound: Command "help" is not found
[2025-12-02 19:33:38] [ERROR   ] discord.app_commands.tree: Ignoring exception in command 'unsubscribemenu'
Traceback (most recent call last):
  File "C:\Users\zhiga\PycharmProjects\Discord-SEPTA-Bot\.venv\Lib\site-packages\discord\app_commands\commands.py", line 859, in _do_call
    return await self._callback(interaction, **params)  # type: ignore
           ^^^^^^^^^^^^^^^^^^^^^^^^^^^^^^^^^^^^^^^^^^^
  File "C:\Users\zhiga\PycharmProjects\Discord-SEPTA-Bot\main.py", line 816, in unsubscribe_menu_slash
    await interaction.response.send_message(
  File "C:\Users\zhiga\PycharmProjects\Discord-SEPTA-Bot\.venv\Lib\site-packages\discord\interactions.py", line 1051, in send_message
    response = await adapter.create_interaction_response(
               ^^^^^^^^^^^^^^^^^^^^^^^^^^^^^^^^^^^^^^^^^^
  File "C:\Users\zhiga\PycharmProjects\Discord-SEPTA-Bot\.venv\Lib\site-packages\discord\webhook\async_.py", line 226, in request
    raise HTTPException(response, data)
discord.errors.HTTPException: 400 Bad Request (error code: 40060): Interaction has already been acknowledged.

The above exception was the direct cause of the following exception:

Traceback (most recent call last):
  File "C:\Users\zhiga\PycharmProjects\Discord-SEPTA-Bot\.venv\Lib\site-packages\discord\app_commands\tree.py", line 1297, in _call
    await command._invoke_with_namespace(interaction, namespace)
  File "C:\Users\zhiga\PycharmProjects\Discord-SEPTA-Bot\.venv\Lib\site-packages\discord\app_commands\commands.py", line 884, in _invoke_with_namespace
    return await self._do_call(interaction, transformed_values)
           ^^^^^^^^^^^^^^^^^^^^^^^^^^^^^^^^^^^^^^^^^^^^^^^^^^^^
  File "C:\Users\zhiga\PycharmProjects\Discord-SEPTA-Bot\.venv\Lib\site-packages\discord\app_commands\commands.py", line 877, in _do_call
    raise CommandInvokeError(self, e) from e
discord.app_commands.errors.CommandInvokeError: Command 'unsubscribemenu' raised an exception: HTTPException: 400 Bad Request (error code: 40060): Interaction has already been acknowledged.
